mode: atomic
github.com/fjacquet/nbu_exporter/main.go:65.43,70.2 1 0
github.com/fjacquet/nbu_exporter/main.go:82.32,85.16 2 0
github.com/fjacquet/nbu_exporter/main.go:85.16,87.3 1 0
github.com/fjacquet/nbu_exporter/main.go:90.2,90.55 1 0
github.com/fjacquet/nbu_exporter/main.go:90.55,92.3 1 0
github.com/fjacquet/nbu_exporter/main.go:95.2,107.12 5 0
github.com/fjacquet/nbu_exporter/main.go:107.12,109.83 2 0
github.com/fjacquet/nbu_exporter/main.go:109.83,111.4 1 0
github.com/fjacquet/nbu_exporter/main.go:114.2,114.12 1 0
github.com/fjacquet/nbu_exporter/main.go:126.35,127.22 1 0
github.com/fjacquet/nbu_exporter/main.go:127.22,129.3 1 0
github.com/fjacquet/nbu_exporter/main.go:131.2,135.48 4 0
github.com/fjacquet/nbu_exporter/main.go:135.48,137.3 1 0
github.com/fjacquet/nbu_exporter/main.go:139.2,140.12 2 0
github.com/fjacquet/nbu_exporter/main.go:146.72,149.2 2 0
github.com/fjacquet/nbu_exporter/main.go:159.64,160.35 1 0
github.com/fjacquet/nbu_exporter/main.go:160.35,162.3 1 0
github.com/fjacquet/nbu_exporter/main.go:164.2,165.57 2 0
github.com/fjacquet/nbu_exporter/main.go:165.57,167.3 1 0
github.com/fjacquet/nbu_exporter/main.go:169.2,169.39 1 0
github.com/fjacquet/nbu_exporter/main.go:169.39,171.3 1 0
github.com/fjacquet/nbu_exporter/main.go:173.2,173.18 1 0
github.com/fjacquet/nbu_exporter/main.go:184.60,185.64 1 0
github.com/fjacquet/nbu_exporter/main.go:185.64,187.3 1 0
github.com/fjacquet/nbu_exporter/main.go:189.2,189.15 1 0
github.com/fjacquet/nbu_exporter/main.go:189.15,192.3 2 0
github.com/fjacquet/nbu_exporter/main.go:194.2,194.12 1 0
github.com/fjacquet/nbu_exporter/main.go:203.30,207.2 3 0
github.com/fjacquet/nbu_exporter/main.go:209.13,214.55 1 0
github.com/fjacquet/nbu_exporter/main.go:214.55,217.18 2 0
github.com/fjacquet/nbu_exporter/main.go:217.18,219.5 1 0
github.com/fjacquet/nbu_exporter/main.go:222.4,222.52 1 0
github.com/fjacquet/nbu_exporter/main.go:222.52,224.5 1 0
github.com/fjacquet/nbu_exporter/main.go:226.4,229.13 4 0
github.com/fjacquet/nbu_exporter/main.go:229.13,231.5 1 0
github.com/fjacquet/nbu_exporter/main.go:234.4,235.41 2 0
github.com/fjacquet/nbu_exporter/main.go:235.41,237.5 1 0
github.com/fjacquet/nbu_exporter/main.go:240.4,243.28 2 0
github.com/fjacquet/nbu_exporter/main.go:247.2,251.42 4 0
github.com/fjacquet/nbu_exporter/main.go:251.42,254.3 2 0
github.com/fjacquet/nbu_exporter/internal/utils/date.go:11.47,13.2 1 0
github.com/fjacquet/nbu_exporter/internal/utils/file.go:13.39,16.2 2 0
github.com/fjacquet/nbu_exporter/internal/utils/file.go:33.58,35.16 2 0
github.com/fjacquet/nbu_exporter/internal/utils/file.go:35.16,37.3 1 0
github.com/fjacquet/nbu_exporter/internal/utils/file.go:38.2,38.15 1 0
github.com/fjacquet/nbu_exporter/internal/utils/file.go:38.15,40.3 1 0
github.com/fjacquet/nbu_exporter/internal/utils/file.go:42.2,43.44 2 0
github.com/fjacquet/nbu_exporter/internal/utils/file.go:43.44,45.3 1 0
github.com/fjacquet/nbu_exporter/internal/utils/file.go:47.2,47.12 1 0
github.com/fjacquet/nbu_exporter/internal/utils/pause.go:12.29,16.19 4 0
github.com/fjacquet/nbu_exporter/internal/utils/pause.go:16.19,18.3 1 0
github.com/fjacquet/nbu_exporter/internal/utils/pause.go:20.2,20.22 1 0
github.com/fjacquet/nbu_exporter/internal/logging/logging.go:23.26,25.2 1 0
github.com/fjacquet/nbu_exporter/internal/logging/logging.go:29.26,31.2 1 0
github.com/fjacquet/nbu_exporter/internal/logging/logging.go:35.30,37.2 1 0
github.com/fjacquet/nbu_exporter/internal/logging/logging.go:41.29,44.2 2 0
github.com/fjacquet/nbu_exporter/internal/logging/logging.go:48.27,50.2 1 0
github.com/fjacquet/nbu_exporter/internal/logging/logging.go:59.40,61.16 2 0
github.com/fjacquet/nbu_exporter/internal/logging/logging.go:61.16,63.3 1 0
github.com/fjacquet/nbu_exporter/internal/logging/logging.go:64.2,67.12 4 0
github.com/fjacquet/nbu_exporter/internal/models/Config.go:57.32,59.34 1 20
github.com/fjacquet/nbu_exporter/internal/models/Config.go:59.34,61.3 1 4
github.com/fjacquet/nbu_exporter/internal/models/Config.go:77.35,82.25 2 18
github.com/fjacquet/nbu_exporter/internal/models/Config.go:82.25,84.3 1 0
github.com/fjacquet/nbu_exporter/internal/models/Config.go:85.2,85.86 1 18
github.com/fjacquet/nbu_exporter/internal/models/Config.go:85.86,87.3 1 0
github.com/fjacquet/nbu_exporter/internal/models/Config.go:88.2,88.25 1 18
github.com/fjacquet/nbu_exporter/internal/models/Config.go:88.25,90.3 1 0
github.com/fjacquet/nbu_exporter/internal/models/Config.go:91.2,91.24 1 18
github.com/fjacquet/nbu_exporter/internal/models/Config.go:91.24,93.3 1 0
github.com/fjacquet/nbu_exporter/internal/models/Config.go:94.2,94.73 1 18
github.com/fjacquet/nbu_exporter/internal/models/Config.go:94.73,96.3 1 0
github.com/fjacquet/nbu_exporter/internal/models/Config.go:99.2,99.28 1 18
github.com/fjacquet/nbu_exporter/internal/models/Config.go:99.28,101.3 1 0
github.com/fjacquet/nbu_exporter/internal/models/Config.go:102.2,102.28 1 18
github.com/fjacquet/nbu_exporter/internal/models/Config.go:102.28,104.3 1 0
github.com/fjacquet/nbu_exporter/internal/models/Config.go:105.2,105.89 1 18
github.com/fjacquet/nbu_exporter/internal/models/Config.go:105.89,107.3 1 0
github.com/fjacquet/nbu_exporter/internal/models/Config.go:108.2,108.67 1 18
github.com/fjacquet/nbu_exporter/internal/models/Config.go:108.67,110.3 1 0
github.com/fjacquet/nbu_exporter/internal/models/Config.go:111.2,111.30 1 18
github.com/fjacquet/nbu_exporter/internal/models/Config.go:111.30,113.3 1 0
github.com/fjacquet/nbu_exporter/internal/models/Config.go:116.2,116.34 1 18
github.com/fjacquet/nbu_exporter/internal/models/Config.go:116.34,118.61 2 18
github.com/fjacquet/nbu_exporter/internal/models/Config.go:118.61,120.4 1 4
github.com/fjacquet/nbu_exporter/internal/models/Config.go:123.3,124.48 2 14
github.com/fjacquet/nbu_exporter/internal/models/Config.go:124.48,125.41 1 30
github.com/fjacquet/nbu_exporter/internal/models/Config.go:125.41,127.10 2 9
github.com/fjacquet/nbu_exporter/internal/models/Config.go:130.3,130.17 1 14
github.com/fjacquet/nbu_exporter/internal/models/Config.go:130.17,132.4 1 5
github.com/fjacquet/nbu_exporter/internal/models/Config.go:135.2,135.12 1 9
github.com/fjacquet/nbu_exporter/internal/models/Config.go:142.41,144.2 1 0
github.com/fjacquet/nbu_exporter/internal/models/Config.go:150.44,152.2 1 0
github.com/fjacquet/nbu_exporter/internal/models/Config.go:160.63,162.2 1 0
github.com/fjacquet/nbu_exporter/internal/models/Config.go:170.38,171.34 1 0
github.com/fjacquet/nbu_exporter/internal/models/Config.go:171.34,173.3 1 0
github.com/fjacquet/nbu_exporter/internal/models/Config.go:174.2,174.89 1 0
github.com/fjacquet/nbu_exporter/internal/models/Config.go:191.78,195.38 4 0
github.com/fjacquet/nbu_exporter/internal/models/Config.go:195.38,197.3 1 0
github.com/fjacquet/nbu_exporter/internal/models/Config.go:198.2,199.19 2 0
