mode: set
github.com/fjacquet/nbu_exporter/internal/models/Config.go:57.32,59.34 1 1
github.com/fjacquet/nbu_exporter/internal/models/Config.go:59.34,61.3 1 1
github.com/fjacquet/nbu_exporter/internal/models/Config.go:77.35,82.25 2 1
github.com/fjacquet/nbu_exporter/internal/models/Config.go:82.25,84.3 1 1
github.com/fjacquet/nbu_exporter/internal/models/Config.go:85.2,85.86 1 1
github.com/fjacquet/nbu_exporter/internal/models/Config.go:85.86,87.3 1 1
github.com/fjacquet/nbu_exporter/internal/models/Config.go:88.2,88.25 1 1
github.com/fjacquet/nbu_exporter/internal/models/Config.go:88.25,90.3 1 1
github.com/fjacquet/nbu_exporter/internal/models/Config.go:91.2,91.24 1 1
github.com/fjacquet/nbu_exporter/internal/models/Config.go:91.24,93.3 1 1
github.com/fjacquet/nbu_exporter/internal/models/Config.go:94.2,94.73 1 1
github.com/fjacquet/nbu_exporter/internal/models/Config.go:94.73,96.3 1 1
github.com/fjacquet/nbu_exporter/internal/models/Config.go:99.2,99.28 1 1
github.com/fjacquet/nbu_exporter/internal/models/Config.go:99.28,101.3 1 1
github.com/fjacquet/nbu_exporter/internal/models/Config.go:102.2,102.28 1 1
github.com/fjacquet/nbu_exporter/internal/models/Config.go:102.28,104.3 1 1
github.com/fjacquet/nbu_exporter/internal/models/Config.go:105.2,105.89 1 1
github.com/fjacquet/nbu_exporter/internal/models/Config.go:105.89,107.3 1 0
github.com/fjacquet/nbu_exporter/internal/models/Config.go:108.2,108.67 1 1
github.com/fjacquet/nbu_exporter/internal/models/Config.go:108.67,110.3 1 1
github.com/fjacquet/nbu_exporter/internal/models/Config.go:111.2,111.30 1 1
github.com/fjacquet/nbu_exporter/internal/models/Config.go:111.30,113.3 1 1
github.com/fjacquet/nbu_exporter/internal/models/Config.go:116.2,116.34 1 1
github.com/fjacquet/nbu_exporter/internal/models/Config.go:116.34,118.61 2 1
github.com/fjacquet/nbu_exporter/internal/models/Config.go:118.61,120.4 1 1
github.com/fjacquet/nbu_exporter/internal/models/Config.go:123.3,124.48 2 1
github.com/fjacquet/nbu_exporter/internal/models/Config.go:124.48,125.41 1 1
github.com/fjacquet/nbu_exporter/internal/models/Config.go:125.41,127.10 2 1
github.com/fjacquet/nbu_exporter/internal/models/Config.go:130.3,130.17 1 1
github.com/fjacquet/nbu_exporter/internal/models/Config.go:130.17,132.4 1 1
github.com/fjacquet/nbu_exporter/internal/models/Config.go:135.2,135.12 1 1
github.com/fjacquet/nbu_exporter/internal/models/Config.go:142.41,144.2 1 1
github.com/fjacquet/nbu_exporter/internal/models/Config.go:150.44,152.2 1 1
github.com/fjacquet/nbu_exporter/internal/models/Config.go:160.63,162.2 1 1
github.com/fjacquet/nbu_exporter/internal/models/Config.go:170.38,171.34 1 1
github.com/fjacquet/nbu_exporter/internal/models/Config.go:171.34,173.3 1 1
github.com/fjacquet/nbu_exporter/internal/models/Config.go:174.2,174.89 1 1
github.com/fjacquet/nbu_exporter/internal/models/Config.go:191.78,195.38 4 1
github.com/fjacquet/nbu_exporter/internal/models/Config.go:195.38,197.3 1 1
github.com/fjacquet/nbu_exporter/internal/models/Config.go:198.2,199.19 2 1
github.com/fjacquet/nbu_exporter/internal/logging/logging.go:23.26,25.2 1 1
github.com/fjacquet/nbu_exporter/internal/logging/logging.go:29.26,31.2 1 1
github.com/fjacquet/nbu_exporter/internal/logging/logging.go:35.30,37.2 1 1
github.com/fjacquet/nbu_exporter/internal/logging/logging.go:41.29,44.2 2 0
github.com/fjacquet/nbu_exporter/internal/logging/logging.go:48.27,50.2 1 1
github.com/fjacquet/nbu_exporter/internal/logging/logging.go:59.40,61.16 2 1
github.com/fjacquet/nbu_exporter/internal/logging/logging.go:61.16,63.3 1 1
github.com/fjacquet/nbu_exporter/internal/logging/logging.go:64.2,67.12 4 1
github.com/fjacquet/nbu_exporter/internal/utils/date.go:11.47,13.2 1 1
github.com/fjacquet/nbu_exporter/internal/utils/file.go:13.39,16.2 2 1
github.com/fjacquet/nbu_exporter/internal/utils/file.go:33.58,35.16 2 1
github.com/fjacquet/nbu_exporter/internal/utils/file.go:35.16,37.3 1 1
github.com/fjacquet/nbu_exporter/internal/utils/file.go:38.2,38.15 1 1
github.com/fjacquet/nbu_exporter/internal/utils/file.go:38.15,40.3 1 1
github.com/fjacquet/nbu_exporter/internal/utils/file.go:42.2,43.44 2 1
github.com/fjacquet/nbu_exporter/internal/utils/file.go:43.44,45.3 1 1
github.com/fjacquet/nbu_exporter/internal/utils/file.go:47.2,47.12 1 1
github.com/fjacquet/nbu_exporter/internal/utils/pause.go:12.29,16.19 4 1
github.com/fjacquet/nbu_exporter/internal/utils/pause.go:16.19,18.3 1 1
github.com/fjacquet/nbu_exporter/internal/utils/pause.go:20.2,20.22 1 1
github.com/fjacquet/nbu_exporter/internal/exporter/client.go:57.49,68.2 2 1
github.com/fjacquet/nbu_exporter/internal/exporter/client.go:95.100,100.88 2 1
github.com/fjacquet/nbu_exporter/internal/exporter/client.go:100.88,105.19 2 1
github.com/fjacquet/nbu_exporter/internal/exporter/client.go:105.19,109.18 4 1
github.com/fjacquet/nbu_exporter/internal/exporter/client.go:109.18,111.5 1 1
github.com/fjacquet/nbu_exporter/internal/exporter/client.go:114.4,116.91 3 1
github.com/fjacquet/nbu_exporter/internal/exporter/client.go:117.9,119.4 1 0
github.com/fjacquet/nbu_exporter/internal/exporter/client.go:120.8,122.3 1 0
github.com/fjacquet/nbu_exporter/internal/exporter/client.go:124.2,124.20 1 1
github.com/fjacquet/nbu_exporter/internal/exporter/client.go:128.52,136.2 2 1
github.com/fjacquet/nbu_exporter/internal/exporter/client.go:157.90,163.16 2 1
github.com/fjacquet/nbu_exporter/internal/exporter/client.go:163.16,165.3 1 1
github.com/fjacquet/nbu_exporter/internal/exporter/client.go:167.2,167.20 1 1
github.com/fjacquet/nbu_exporter/internal/exporter/client.go:167.20,169.31 1 1
github.com/fjacquet/nbu_exporter/internal/exporter/client.go:169.31,192.4 3 1
github.com/fjacquet/nbu_exporter/internal/exporter/client.go:194.3,194.104 1 1
github.com/fjacquet/nbu_exporter/internal/exporter/client.go:198.2,199.145 2 1
github.com/fjacquet/nbu_exporter/internal/exporter/client.go:199.145,202.29 2 1
github.com/fjacquet/nbu_exporter/internal/exporter/client.go:202.29,204.4 1 0
github.com/fjacquet/nbu_exporter/internal/exporter/client.go:206.3,219.88 3 1
github.com/fjacquet/nbu_exporter/internal/exporter/client.go:222.2,222.60 1 1
github.com/fjacquet/nbu_exporter/internal/exporter/client.go:222.60,225.29 2 1
github.com/fjacquet/nbu_exporter/internal/exporter/client.go:225.29,227.4 1 0
github.com/fjacquet/nbu_exporter/internal/exporter/client.go:228.3,228.114 1 1
github.com/fjacquet/nbu_exporter/internal/exporter/client.go:231.2,231.12 1 1
github.com/fjacquet/nbu_exporter/internal/exporter/client.go:255.75,266.16 4 0
github.com/fjacquet/nbu_exporter/internal/exporter/client.go:266.16,268.3 1 0
github.com/fjacquet/nbu_exporter/internal/exporter/client.go:271.2,271.30 1 0
github.com/fjacquet/nbu_exporter/internal/exporter/client.go:271.30,274.3 1 0
github.com/fjacquet/nbu_exporter/internal/exporter/client.go:276.2,276.20 1 0
github.com/fjacquet/nbu_exporter/internal/exporter/client.go:276.20,279.3 1 0
github.com/fjacquet/nbu_exporter/internal/exporter/client.go:282.2,282.40 1 0
github.com/fjacquet/nbu_exporter/internal/exporter/client.go:288.29,291.2 1 0
github.com/fjacquet/nbu_exporter/internal/exporter/metrics.go:39.43,41.2 1 1
github.com/fjacquet/nbu_exporter/internal/exporter/metrics.go:45.39,47.2 1 1
github.com/fjacquet/nbu_exporter/internal/exporter/metrics.go:51.39,53.2 1 1
github.com/fjacquet/nbu_exporter/internal/exporter/metrics.go:57.45,59.2 1 0
github.com/fjacquet/nbu_exporter/internal/exporter/metrics.go:63.41,65.2 1 0
github.com/fjacquet/nbu_exporter/internal/exporter/metrics.go:69.41,71.2 1 0
github.com/fjacquet/nbu_exporter/internal/exporter/netbackup.go:42.100,50.62 3 1
github.com/fjacquet/nbu_exporter/internal/exporter/netbackup.go:50.62,52.3 1 1
github.com/fjacquet/nbu_exporter/internal/exporter/netbackup.go:54.2,54.37 1 1
github.com/fjacquet/nbu_exporter/internal/exporter/netbackup.go:54.37,56.53 1 1
github.com/fjacquet/nbu_exporter/internal/exporter/netbackup.go:56.53,57.12 1 1
github.com/fjacquet/nbu_exporter/internal/exporter/netbackup.go:60.3,67.80 6 1
github.com/fjacquet/nbu_exporter/internal/exporter/netbackup.go:70.2,71.12 2 1
github.com/fjacquet/nbu_exporter/internal/exporter/netbackup.go:104.16,116.58 4 1
github.com/fjacquet/nbu_exporter/internal/exporter/netbackup.go:116.58,118.3 1 1
github.com/fjacquet/nbu_exporter/internal/exporter/netbackup.go:121.2,121.25 1 1
github.com/fjacquet/nbu_exporter/internal/exporter/netbackup.go:121.25,123.3 1 1
github.com/fjacquet/nbu_exporter/internal/exporter/netbackup.go:125.2,145.62 7 1
github.com/fjacquet/nbu_exporter/internal/exporter/netbackup.go:145.62,147.3 1 1
github.com/fjacquet/nbu_exporter/internal/exporter/netbackup.go:149.2,149.39 1 1
github.com/fjacquet/nbu_exporter/internal/exporter/netbackup.go:174.112,176.19 2 1
github.com/fjacquet/nbu_exporter/internal/exporter/netbackup.go:176.19,177.10 1 1
github.com/fjacquet/nbu_exporter/internal/exporter/netbackup.go:178.21,179.20 1 0
github.com/fjacquet/nbu_exporter/internal/exporter/netbackup.go:180.11,182.18 2 1
github.com/fjacquet/nbu_exporter/internal/exporter/netbackup.go:182.18,184.5 1 1
github.com/fjacquet/nbu_exporter/internal/exporter/netbackup.go:185.4,185.23 1 1
github.com/fjacquet/nbu_exporter/internal/exporter/netbackup.go:188.2,188.12 1 1
github.com/fjacquet/nbu_exporter/internal/exporter/netbackup.go:224.9,226.16 2 1
github.com/fjacquet/nbu_exporter/internal/exporter/netbackup.go:226.16,228.3 1 0
github.com/fjacquet/nbu_exporter/internal/exporter/netbackup.go:230.2,233.82 3 1
github.com/fjacquet/nbu_exporter/internal/exporter/netbackup.go:233.82,235.3 1 1
github.com/fjacquet/nbu_exporter/internal/exporter/prometheus.go:66.64,74.36 4 1
github.com/fjacquet/nbu_exporter/internal/exporter/prometheus.go:74.36,78.17 4 1
github.com/fjacquet/nbu_exporter/internal/exporter/prometheus.go:78.17,80.4 1 0
github.com/fjacquet/nbu_exporter/internal/exporter/prometheus.go:83.3,85.67 3 1
github.com/fjacquet/nbu_exporter/internal/exporter/prometheus.go:86.8,88.3 1 1
github.com/fjacquet/nbu_exporter/internal/exporter/prometheus.go:90.2,123.8 1 1
github.com/fjacquet/nbu_exporter/internal/exporter/prometheus.go:129.61,136.2 6 1
github.com/fjacquet/nbu_exporter/internal/exporter/prometheus.go:149.61,155.68 4 1
github.com/fjacquet/nbu_exporter/internal/exporter/prometheus.go:155.68,158.3 1 1
github.com/fjacquet/nbu_exporter/internal/exporter/prometheus.go:161.2,165.121 4 1
github.com/fjacquet/nbu_exporter/internal/exporter/prometheus.go:165.121,168.3 1 1
github.com/fjacquet/nbu_exporter/internal/exporter/prometheus.go:171.2,171.41 1 1
github.com/fjacquet/nbu_exporter/internal/exporter/prometheus.go:171.41,179.3 2 1
github.com/fjacquet/nbu_exporter/internal/exporter/prometheus.go:182.2,182.35 1 1
github.com/fjacquet/nbu_exporter/internal/exporter/prometheus.go:182.35,190.3 2 1
github.com/fjacquet/nbu_exporter/internal/exporter/prometheus.go:193.2,193.36 1 1
github.com/fjacquet/nbu_exporter/internal/exporter/prometheus.go:193.36,201.3 2 1
github.com/fjacquet/nbu_exporter/internal/exporter/prometheus.go:204.2,204.42 1 1
github.com/fjacquet/nbu_exporter/internal/exporter/prometheus.go:204.42,212.3 2 1
github.com/fjacquet/nbu_exporter/internal/exporter/prometheus.go:215.2,223.76 2 1
github.com/fjacquet/nbu_exporter/internal/exporter/version_detector.go:54.87,60.2 1 1
github.com/fjacquet/nbu_exporter/internal/exporter/version_detector.go:90.81,94.54 2 1
github.com/fjacquet/nbu_exporter/internal/exporter/version_detector.go:94.54,97.33 2 1
github.com/fjacquet/nbu_exporter/internal/exporter/version_detector.go:97.33,100.4 2 1
github.com/fjacquet/nbu_exporter/internal/exporter/version_detector.go:104.2,119.3 1 1
github.com/fjacquet/nbu_exporter/internal/exporter/version_detector.go:138.83,143.15 4 1
github.com/fjacquet/nbu_exporter/internal/exporter/version_detector.go:143.15,146.3 2 1
github.com/fjacquet/nbu_exporter/internal/exporter/version_detector.go:149.2,154.68 4 1
github.com/fjacquet/nbu_exporter/internal/exporter/version_detector.go:154.68,160.17 2 1
github.com/fjacquet/nbu_exporter/internal/exporter/version_detector.go:160.17,165.43 2 1
github.com/fjacquet/nbu_exporter/internal/exporter/version_detector.go:165.43,169.39 4 1
github.com/fjacquet/nbu_exporter/internal/exporter/version_detector.go:169.39,171.6 1 0
github.com/fjacquet/nbu_exporter/internal/exporter/version_detector.go:172.5,172.13 1 1
github.com/fjacquet/nbu_exporter/internal/exporter/version_detector.go:175.4,176.16 2 1
github.com/fjacquet/nbu_exporter/internal/exporter/version_detector.go:180.3,180.28 1 1
github.com/fjacquet/nbu_exporter/internal/exporter/version_detector.go:181.12,184.15 2 1
github.com/fjacquet/nbu_exporter/internal/exporter/version_detector.go:186.12,189.16 2 1
github.com/fjacquet/nbu_exporter/internal/exporter/version_detector.go:191.12,194.16 2 1
github.com/fjacquet/nbu_exporter/internal/exporter/version_detector.go:196.27,201.43 2 1
github.com/fjacquet/nbu_exporter/internal/exporter/version_detector.go:201.43,205.39 4 1
github.com/fjacquet/nbu_exporter/internal/exporter/version_detector.go:205.39,207.6 1 0
github.com/fjacquet/nbu_exporter/internal/exporter/version_detector.go:208.5,208.13 1 1
github.com/fjacquet/nbu_exporter/internal/exporter/version_detector.go:211.4,213.16 2 1
github.com/fjacquet/nbu_exporter/internal/exporter/version_detector.go:215.11,219.16 2 1
github.com/fjacquet/nbu_exporter/internal/exporter/version_detector.go:223.2,223.14 1 0
